2025-02-01 08:54:00 | DEBUG | repo=pv243-javaee-7 | action=pull
2025-04-25 10:48:00 | INFO | repo=pv243-javaee-7 | action=pull
2025-01-11 19:51:00 | DEBUG | repo=pv243-javaee-7 | action=commit
2025-09-11 20:46:00 | INFO | repo=pv243-javaee-7 | action=commit
2025-09-24 13:45:00 | WARN | repo=pv243-javaee-7 | action=test | passed=true
2025-09-19 13:53:00 | WARN | repo=pv243-javaee-7 | action=commit
2025-08-06 07:40:00 | WARN | repo=pv243-javaee-7 | action=commit
2025-02-13 16:45:00 | WARN | repo=pv243-javaee-7 | action=commit
2025-05-09 09:35:00 | INFO | repo=pv243-javaee-7 | action=commit
2025-08-25 07:24:00 | DEBUG | repo=pv243-javaee-7 | action=commit
2025-02-27 13:37:00 | DEBUG | repo=pv243-javaee-7 | action=commit
2025-03-15 20:18:00 | DEBUG | repo=pv243-javaee-7 | action=commit
2025-06-28 20:29:00 | INFO | repo=pv243-javaee-7 | action=edit | files=4
2025-02-16 20:14:00 | DEBUG | repo=pv243-javaee-7 | action=commit
2025-04-04 20:08:00 | WARN | repo=pv243-javaee-7 | action=pull
2025-07-16 08:29:00 | WARN | repo=pv243-javaee-7 | action=edit | files=2
2025-06-19 19:05:00 | INFO | repo=pv243-javaee-7 | action=commit
2025-08-02 21:32:00 | DEBUG | repo=pv243-javaee-7 | action=commit
2025-01-08 12:35:00 | INFO | repo=pv243-javaee-7 | action=commit
2025-02-18 12:36:00 | WARN | repo=pv243-javaee-7 | action=commit
2025-09-03 17:14:00 | INFO | repo=pv243-javaee-7 | action=test | passed=true
2025-08-11 16:11:00 | INFO | repo=pv243-javaee-7 | action=edit | files=5
2025-06-24 09:14:00 | INFO | repo=pv243-javaee-7 | action=commit
2025-05-09 13:26:00 | INFO | repo=pv243-javaee-7 | action=commit
2025-02-15 07:25:00 | WARN | repo=pv243-javaee-7 | action=commit
2025-10-11 18:05:00 | INFO | repo=pv243-javaee-7 | action=pull
2025-05-07 12:09:00 | DEBUG | repo=pv243-javaee-7 | action=commit
2025-08-21 07:09:00 | INFO | repo=pv243-javaee-7 | action=pull
2025-10-10 20:46:00 | INFO | repo=pv243-javaee-7 | action=pull
2025-07-05 12:19:00 | WARN | repo=pv243-javaee-7 | action=edit | files=2
2025-10-26 08:04:00 | INFO | repo=pv243-javaee-7 | action=commit
2025-01-22 14:33:00 | INFO | repo=pv243-javaee-7 | action=commit
2025-03-27 07:28:00 | INFO | repo=pv243-javaee-7 | action=edit | files=3
2025-09-25 18:32:00 | INFO | repo=pv243-javaee-7 | action=commit
2025-12-22 07:27:00 | DEBUG | repo=pv243-javaee-7 | action=commit
2025-09-17 18:39:00 | INFO | repo=pv243-javaee-7 | action=commit
2025-11-03 07:47:00 | DEBUG | repo=pv243-javaee-7 | action=edit | files=3
2025-08-24 08:42:00 | INFO | repo=pv243-javaee-7 | action=commit
2025-03-18 09:26:00 | INFO | repo=pv243-javaee-7 | action=commit
2025-09-13 17:35:00 | DEBUG | repo=pv243-javaee-7 | action=pull
2025-11-04 08:30:00 | INFO | repo=pv243-javaee-7 | action=test | passed=true
2025-01-02 08:49:00 | INFO | repo=pv243-javaee-7 | action=edit | files=4
2025-12-23 09:06:00 | WARN | repo=pv243-javaee-7 | action=commit
2025-11-08 12:00:00 | DEBUG | repo=pv243-javaee-7 | action=commit
2025-05-13 17:57:00 | WARN | repo=pv243-javaee-7 | action=commit
2025-03-06 07:25:00 | DEBUG | repo=pv243-javaee-7 | action=edit | files=1
2025-12-07 21:26:00 | DEBUG | repo=pv243-javaee-7 | action=commit
2025-10-19 13:07:00 | WARN | repo=pv243-javaee-7 | action=commit
2025-07-13 18:55:00 | DEBUG | repo=pv243-javaee-7 | action=commit
2025-03-20 15:59:00 | WARN | repo=pv243-javaee-7 | action=pull
2025-08-17 15:30:00 | DEBUG | repo=pv243-javaee-7 | action=test | passed=true
2025-10-18 14:07:00 | INFO | repo=pv243-javaee-7 | action=commit
2025-10-09 13:18:00 | DEBUG | repo=pv243-javaee-7 | action=commit
